<?xml version="1.0" encoding="UTF-8" ?>
<testsuite tests="16" failures="2" name="runner.CucumberRunnerTest" time="0.007" errors="0" skipped="0">
  <properties>
[...]
</properties>
  <testcase classname="| 1 | 40 |" name="Given the price of a \&quot;banana\&quot; is 40c" time="0"/>
  <testcase classname="| 1 | 40 |" name="When I checkout 1 \&quot;banana\&quot;" time="0"/>
  <testcase classname="| 1 | 40 |" name="Then the total price should be 40c" time="0"/>
  <testcase classname="| 1 | 40 |" name="| 1 | 40 |" time="0"/>
  <testcase classname="| 2 | 80 |" name="Given the price of a \&quot;banana\&quot; is 40c" time="0.001"/>
  <testcase classname="| 2 | 80 |" name="When I checkout 2 \&quot;banana\&quot;" time="0"/>
  <testcase classname="| 2 | 80 |" name="Then the total price should be 80c" time="0"/>
  <testcase classname="| 2 | 80 |" name="| 2 | 80 |" time="0.001"/>
  <testcase classname="| 3 | 40 |" name="Given the price of a \&quot;banana\&quot; is 40c" time="0"/>
  <testcase classname="| 3 | 40 |" name="When I checkout 3 \&quot;banana\&quot;" time="0"/>
  <testcase classname="| 3 | 40 |" name="Then the total price should be 40c" time="0.002">
    <failure message="expected:&lt;40&gt; but was:&lt;120&gt;" type="java.lang.AssertionError">java.lang.AssertionError: expected:&lt;40&gt; but was:&lt;120&gt;
	at org.junit.Assert.fail(Assert.java:88)
	at org.junit.Assert.failNotEquals(Assert.java:834)
	at org.junit.Assert.assertEquals(Assert.java:645)
	at org.junit.Assert.assertEquals(Assert.java:631)
	at step_definitions.CheckoutSteps.theTotalPriceShouldBeC(CheckoutSteps.java:27)
	at ✽.Then the total price should be 40c(checkout001.feature:5)
</failure>
  </testcase>
  <testcase classname="| 3 | 40 |" name="| 3 | 40 |" time="0.003">
    <failure message="expected:&lt;40&gt; but was:&lt;120&gt;" type="java.lang.AssertionError">java.lang.AssertionError: expected:&lt;40&gt; but was:&lt;120&gt;
	at org.junit.Assert.fail(Assert.java:88)
	at org.junit.Assert.failNotEquals(Assert.java:834)
	at org.junit.Assert.assertEquals(Assert.java:645)
	at org.junit.Assert.assertEquals(Assert.java:631)
	at step_definitions.CheckoutSteps.theTotalPriceShouldBeC(CheckoutSteps.java:27)
	at ✽.Then the total price should be 40c(checkout001.feature:5)
</failure>
  </testcase>
  <testcase classname="| 4 | 160 |" name="Given the price of a \&quot;banana\&quot; is 40c" time="0"/>
  <testcase classname="| 4 | 160 |" name="When I checkout 4 \&quot;banana\&quot;" time="0"/>
  <testcase classname="| 4 | 160 |" name="Then the total price should be 160c" time="0"/>
  <testcase classname="| 4 | 160 |" name="| 4 | 160 |" time="0"/>
</testsuite>