<?xml version="1.0" encoding="UTF-8" ?>
<testsuite tests="16" failures="2" name="runner.CucumberRunnerTest" time="0.007" errors="0" skipped="0">
  <properties>
    <property name="java.runtime.name" value="Java(TM) SE Runtime Environment"/>
    <property name="sun.boot.library.path" value="/home/ogq/apps/jdk1_8/jre/lib/amd64"/>
    <property name="java.vm.version" value="25.131-b11"/>
    <property name="java.vm.vendor" value="Oracle Corporation"/>
    <property name="maven.multiModuleProjectDirectory" value="/home/ogq/learn/cucumber-jvm-learn/checkout"/>
    <property name="java.vendor.url" value="http://java.oracle.com/"/>
    <property name="path.separator" value=":"/>
    <property name="guice.disable.misplaced.annotation.check" value="true"/>
    <property name="java.vm.name" value="Java HotSpot(TM) 64-Bit Server VM"/>
    <property name="file.encoding.pkg" value="sun.io"/>
    <property name="user.country" value="CN"/>
    <property name="sun.java.launcher" value="SUN_STANDARD"/>
    <property name="sun.os.patch.level" value="unknown"/>
    <property name="java.vm.specification.name" value="Java Virtual Machine Specification"/>
    <property name="user.dir" value="/home/ogq/.jenkins/workspace/cucumber-jvm"/>
    <property name="java.runtime.version" value="1.8.0_131-b11"/>
    <property name="java.awt.graphicsenv" value="sun.awt.X11GraphicsEnvironment"/>
    <property name="java.endorsed.dirs" value="/home/ogq/apps/jdk1_8/jre/lib/endorsed"/>
    <property name="os.arch" value="amd64"/>
    <property name="java.io.tmpdir" value="/tmp"/>
    <property name="line.separator" value="
"/>
    <property name="java.vm.specification.vendor" value="Oracle Corporation"/>
    <property name="os.name" value="Linux"/>
    <property name="classworlds.conf" value="/home/ogq/apps/apache-maven-3.5.0/bin/m2.conf"/>
    <property name="sun.jnu.encoding" value="UTF-8"/>
    <property name="java.library.path" value="/usr/java/packages/lib/amd64:/usr/lib64:/lib64:/lib:/usr/lib"/>
    <property name="maven.conf" value="/home/ogq/apps/apache-maven-3.5.0/conf"/>
    <property name="java.specification.name" value="Java Platform API Specification"/>
    <property name="java.class.version" value="52.0"/>
    <property name="sun.management.compiler" value="HotSpot 64-Bit Tiered Compilers"/>
    <property name="os.version" value="4.4.74-18.20-default"/>
    <property name="library.jansi.path" value="/home/ogq/apps/apache-maven-3.5.0/lib/jansi-native/linux64"/>
    <property name="user.home" value="/home/ogq"/>
    <property name="user.timezone" value="Asia/Shanghai"/>
    <property name="java.awt.printerjob" value="sun.print.PSPrinterJob"/>
    <property name="java.specification.version" value="1.8"/>
    <property name="file.encoding" value="UTF-8"/>
    <property name="user.name" value="ogq"/>
    <property name="java.class.path" value="/home/ogq/apps/apache-maven-3.5.0/boot/plexus-classworlds-2.5.2.jar"/>
    <property name="java.vm.specification.version" value="1.8"/>
    <property name="sun.arch.data.model" value="64"/>
    <property name="java.home" value="/home/ogq/apps/jdk1_8/jre"/>
    <property name="sun.java.command" value="org.codehaus.plexus.classworlds.launcher.Launcher -f /home/ogq/learn/cucumber-jvm-learn/checkout/pom.xml clean test"/>
    <property name="java.specification.vendor" value="Oracle Corporation"/>
    <property name="user.language" value="zh"/>
    <property name="awt.toolkit" value="sun.awt.X11.XToolkit"/>
    <property name="java.vm.info" value="mixed mode"/>
    <property name="java.version" value="1.8.0_131"/>
    <property name="java.ext.dirs" value="/home/ogq/apps/jdk1_8/jre/lib/ext:/usr/java/packages/lib/ext"/>
    <property name="securerandom.source" value="file:/dev/./urandom"/>
    <property name="sun.boot.class.path" value="/home/ogq/apps/jdk1_8/jre/lib/resources.jar:/home/ogq/apps/jdk1_8/jre/lib/rt.jar:/home/ogq/apps/jdk1_8/jre/lib/sunrsasign.jar:/home/ogq/apps/jdk1_8/jre/lib/jsse.jar:/home/ogq/apps/jdk1_8/jre/lib/jce.jar:/home/ogq/apps/jdk1_8/jre/lib/charsets.jar:/home/ogq/apps/jdk1_8/jre/lib/jfr.jar:/home/ogq/apps/jdk1_8/jre/classes"/>
    <property name="java.vendor" value="Oracle Corporation"/>
    <property name="maven.home" value="/home/ogq/apps/apache-maven-3.5.0"/>
    <property name="file.separator" value="/"/>
    <property name="java.vendor.url.bug" value="http://bugreport.sun.com/bugreport/"/>
    <property name="sun.cpu.endian" value="little"/>
    <property name="sun.io.unicode.encoding" value="UnicodeLittle"/>
    <property name="sun.desktop" value="gnome"/>
    <property name="sun.cpu.isalist" value=""/>
  </properties>
  <testcase classname="| 1 | 40 |" name="Given the price of a \&quot;banana\&quot; is 40c" time="0"/>
  <testcase classname="| 1 | 40 |" name="When I checkout 1 \&quot;banana\&quot;" time="0"/>
  <testcase classname="| 1 | 40 |" name="Then the total price should be 40c" time="0"/>
  <testcase classname="| 1 | 40 |" name="| 1 | 40 |" time="0"/>
  <testcase classname="| 2 | 80 |" name="Given the price of a \&quot;banana\&quot; is 40c" time="0.001"/>
  <testcase classname="| 2 | 80 |" name="When I checkout 2 \&quot;banana\&quot;" time="0"/>
  <testcase classname="| 2 | 80 |" name="Then the total price should be 80c" time="0"/>
  <testcase classname="| 2 | 80 |" name="| 2 | 80 |" time="0.001"/>
  <testcase classname="| 3 | 40 |" name="Given the price of a \&quot;banana\&quot; is 40c" time="0"/>
  <testcase classname="| 3 | 40 |" name="When I checkout 3 \&quot;banana\&quot;" time="0"/>
  <testcase classname="| 3 | 40 |" name="Then the total price should be 40c" time="0.002">
    <failure message="expected:&lt;40&gt; but was:&lt;120&gt;" type="java.lang.AssertionError">java.lang.AssertionError: expected:&lt;40&gt; but was:&lt;120&gt;
	at org.junit.Assert.fail(Assert.java:88)
	at org.junit.Assert.failNotEquals(Assert.java:834)
	at org.junit.Assert.assertEquals(Assert.java:645)
	at org.junit.Assert.assertEquals(Assert.java:631)
	at step_definitions.CheckoutSteps.theTotalPriceShouldBeC(CheckoutSteps.java:27)
	at ✽.Then the total price should be 40c(checkout001.feature:5)
</failure>
  </testcase>
  <testcase classname="| 3 | 40 |" name="| 3 | 40 |" time="0.003">
    <failure message="expected:&lt;40&gt; but was:&lt;120&gt;" type="java.lang.AssertionError">java.lang.AssertionError: expected:&lt;40&gt; but was:&lt;120&gt;
	at org.junit.Assert.fail(Assert.java:88)
	at org.junit.Assert.failNotEquals(Assert.java:834)
	at org.junit.Assert.assertEquals(Assert.java:645)
	at org.junit.Assert.assertEquals(Assert.java:631)
	at step_definitions.CheckoutSteps.theTotalPriceShouldBeC(CheckoutSteps.java:27)
	at ✽.Then the total price should be 40c(checkout001.feature:5)
</failure>
  </testcase>
  <testcase classname="| 4 | 160 |" name="Given the price of a \&quot;banana\&quot; is 40c" time="0"/>
  <testcase classname="| 4 | 160 |" name="When I checkout 4 \&quot;banana\&quot;" time="0"/>
  <testcase classname="| 4 | 160 |" name="Then the total price should be 160c" time="0"/>
  <testcase classname="| 4 | 160 |" name="| 4 | 160 |" time="0"/>
</testsuite>